

Processing SessionsController#new (for 127.0.0.1 at 2009-12-02 21:29:50) [GET]
  Parameters: {"action"=>"new", "controller"=>"sessions"}
Rendering sessions/new

ActionView::TemplateError (undefined method `title' for #<ActionView::Base:0x10439ff80>) on line #1 of app/views/sessions/new.html.erb:
1: <% title "Log in" %>
2: 
3: <p>Don't have an account? <%= link_to "Sign up!", signup_path %></p>
4: 

    app/views/sessions/new.html.erb:1

Rendered rescues/_trace (47.3ms)
Rendered rescues/_request_and_response (1.2ms)
Rendering rescues/layout (internal_server_error)


Processing SessionsController#new (for 127.0.0.1 at 2009-12-02 21:31:07) [GET]
  Parameters: {"action"=>"new", "controller"=>"sessions"}
Rendering sessions/new
Completed in 117ms (View: 115, DB: 0) | 200 OK [http://localhost/login]


Processing UsersController#new (for 127.0.0.1 at 2009-12-02 21:31:10) [GET]
  Parameters: {"action"=>"new", "controller"=>"users"}

ActiveRecord::StatementInvalid (Could not find table 'users'):
  app/controllers/users_controller.rb:3:in `new'
  app/controllers/users_controller.rb:3:in `new'

Rendered rescues/_trace (43.3ms)
Rendered rescues/_request_and_response (0.3ms)
Rendering rescues/layout (internal_server_error)
  [4;36;1mSQL (0.2ms)[0m   [0;1m SELECT name
 FROM sqlite_master
 WHERE type = 'table' AND NOT name = 'sqlite_sequence'
[0m
  [4;35;1mSQL (0.1ms)[0m   [0mselect sqlite_version(*)[0m
  [4;36;1mSQL (1.9ms)[0m   [0;1mCREATE TABLE "schema_migrations" ("version" varchar(255) NOT NULL) [0m
  [4;35;1mSQL (1.7ms)[0m   [0mCREATE UNIQUE INDEX "unique_schema_migrations" ON "schema_migrations" ("version")[0m
  [4;36;1mSQL (0.3ms)[0m   [0;1m SELECT name
 FROM sqlite_master
 WHERE type = 'table' AND NOT name = 'sqlite_sequence'
[0m
  [4;35;1mSQL (0.1ms)[0m   [0mSELECT version FROM schema_migrations[0m
Migrating to CreateUsers (20091203022758)
  [4;36;1mSQL (0.8ms)[0m   [0;1mCREATE TABLE "users" ("id" INTEGER PRIMARY KEY AUTOINCREMENT NOT NULL, "username" varchar(255), "email" varchar(255), "password_hash" varchar(255), "password_salt" varchar(255), "created_at" datetime, "updated_at" datetime) [0m
  [4;35;1mSQL (0.4ms)[0m   [0mINSERT INTO schema_migrations (version) VALUES ('20091203022758')[0m
  [4;36;1mSQL (0.3ms)[0m   [0;1m SELECT name
 FROM sqlite_master
 WHERE type = 'table' AND NOT name = 'sqlite_sequence'
[0m
  [4;35;1mSQL (0.1ms)[0m   [0mSELECT version FROM schema_migrations[0m
  [4;36;1mSQL (0.2ms)[0m   [0;1m SELECT name
 FROM sqlite_master
 WHERE type = 'table' AND NOT name = 'sqlite_sequence'
[0m
  [4;35;1mSQL (0.1ms)[0m   [0mPRAGMA index_list("users")[0m


Processing UsersController#new (for 127.0.0.1 at 2009-12-02 21:31:24) [GET]
  Parameters: {"action"=>"new", "controller"=>"users"}
Rendering users/new
Completed in 19ms (View: 13, DB: 0) | 200 OK [http://localhost/signup]


Processing SessionsController#new (for 127.0.0.1 at 2009-12-02 21:31:26) [GET]
  Parameters: {"action"=>"new", "controller"=>"sessions"}
Rendering sessions/new
Completed in 4ms (View: 3, DB: 0) | 200 OK [http://localhost/login]


Processing UsersController#new (for 127.0.0.1 at 2009-12-02 21:31:26) [GET]
  Parameters: {"action"=>"new", "controller"=>"users"}
Rendering users/new
Completed in 12ms (View: 6, DB: 0) | 200 OK [http://localhost/signup]


Processing SessionsController#new (for 127.0.0.1 at 2009-12-02 21:31:27) [GET]
  Parameters: {"action"=>"new", "controller"=>"sessions"}
Rendering sessions/new
Completed in 4ms (View: 3, DB: 0) | 200 OK [http://localhost/login]


Processing UsersController#new (for 127.0.0.1 at 2009-12-02 21:31:28) [GET]
  Parameters: {"action"=>"new", "controller"=>"users"}
Rendering users/new
Completed in 12ms (View: 7, DB: 0) | 200 OK [http://localhost/signup]


Processing SessionsController#new (for 127.0.0.1 at 2009-12-02 21:31:29) [GET]
  Parameters: {"action"=>"new", "controller"=>"sessions"}
Rendering sessions/new
Completed in 4ms (View: 3, DB: 0) | 200 OK [http://localhost/login]


Processing UsersController#new (for 127.0.0.1 at 2009-12-02 21:31:31) [GET]
  Parameters: {"action"=>"new", "controller"=>"users"}
Rendering users/new
Completed in 11ms (View: 6, DB: 0) | 200 OK [http://localhost/signup]


Processing SessionsController#new (for 127.0.0.1 at 2009-12-02 21:31:32) [GET]
  Parameters: {"action"=>"new", "controller"=>"sessions"}
Rendering sessions/new
Completed in 5ms (View: 2, DB: 0) | 200 OK [http://localhost/login]


Processing UsersController#new (for 127.0.0.1 at 2009-12-02 21:31:33) [GET]
  Parameters: {"action"=>"new", "controller"=>"users"}
Rendering users/new
Completed in 11ms (View: 6, DB: 0) | 200 OK [http://localhost/signup]


Processing SessionsController#new (for 127.0.0.1 at 2009-12-02 21:31:34) [GET]
  Parameters: {"action"=>"new", "controller"=>"sessions"}
Rendering sessions/new
Completed in 5ms (View: 3, DB: 0) | 200 OK [http://localhost/login]


Processing UsersController#new (for 127.0.0.1 at 2009-12-02 21:33:23) [GET]
  Parameters: {"action"=>"new", "controller"=>"users"}
Rendering users/new
Completed in 12ms (View: 6, DB: 0) | 200 OK [http://localhost/signup]


Processing SessionsController#new (for 127.0.0.1 at 2009-12-02 21:33:25) [GET]
  Parameters: {"action"=>"new", "controller"=>"sessions"}
Rendering sessions/new
Completed in 4ms (View: 2, DB: 0) | 200 OK [http://localhost/login]
  [4;36;1mSQL (0.4ms)[0m   [0;1m SELECT name
 FROM sqlite_master
 WHERE type = 'table' AND NOT name = 'sqlite_sequence'
[0m
  [4;35;1mSQL (0.1ms)[0m   [0mSELECT version FROM schema_migrations[0m
Migrating to CreateUsers (20091203022758)
Migrating to AddNameToUser (20091203023845)
  [4;36;1mSQL (0.1ms)[0m   [0;1mselect sqlite_version(*)[0m
  [4;35;1mSQL (0.5ms)[0m   [0mALTER TABLE "users" ADD "first_name" varchar(255)[0m
  [4;36;1mSQL (0.2ms)[0m   [0;1mALTER TABLE "users" ADD "last_name" varchar(255)[0m
  [4;35;1mSQL (0.2ms)[0m   [0mALTER TABLE "users" ADD "age" integer[0m
  [4;36;1mSQL (0.2ms)[0m   [0;1mINSERT INTO schema_migrations (version) VALUES ('20091203023845')[0m
  [4;35;1mSQL (0.3ms)[0m   [0m SELECT name
 FROM sqlite_master
 WHERE type = 'table' AND NOT name = 'sqlite_sequence'
[0m
  [4;36;1mSQL (0.2ms)[0m   [0;1mSELECT version FROM schema_migrations[0m
  [4;35;1mSQL (1.6ms)[0m   [0m SELECT name
 FROM sqlite_master
 WHERE type = 'table' AND NOT name = 'sqlite_sequence'
[0m
  [4;36;1mSQL (0.0ms)[0m   [0;1mPRAGMA index_list("users")[0m


Processing UsersController#new (for 127.0.0.1 at 2009-12-02 21:41:58) [GET]
  Parameters: {"action"=>"new", "controller"=>"users"}
Rendering users/new
Completed in 19ms (View: 13, DB: 0) | 200 OK [http://localhost/signup]


Processing UsersController#new (for 127.0.0.1 at 2009-12-02 21:42:43) [GET]
  Parameters: {"action"=>"new", "controller"=>"users"}
Rendering users/new
Completed in 18ms (View: 12, DB: 0) | 200 OK [http://localhost/signup]
  [4;36;1mSQL (0.5ms)[0m   [0;1m SELECT name
 FROM sqlite_master
 WHERE type = 'table' AND NOT name = 'sqlite_sequence'
[0m
  [4;35;1mSQL (0.4ms)[0m   [0mSELECT version FROM schema_migrations[0m
Migrating to CreateUsers (20091203022758)
Migrating to AddNameToUser (20091203023845)
Migrating to RemoveAgeFromUser (20091203024524)
  [4;36;1mSQL (0.1ms)[0m   [0;1mselect sqlite_version(*)[0m
  [4;35;1mSQL (0.6ms)[0m   [0mINSERT INTO schema_migrations (version) VALUES ('20091203024524')[0m
  [4;36;1mSQL (0.3ms)[0m   [0;1m SELECT name
 FROM sqlite_master
 WHERE type = 'table' AND NOT name = 'sqlite_sequence'
[0m
  [4;35;1mSQL (0.2ms)[0m   [0mSELECT version FROM schema_migrations[0m
  [4;36;1mSQL (0.2ms)[0m   [0;1m SELECT name
 FROM sqlite_master
 WHERE type = 'table' AND NOT name = 'sqlite_sequence'
[0m
  [4;35;1mSQL (0.1ms)[0m   [0mPRAGMA index_list("users")[0m
  [4;36;1mSQL (0.4ms)[0m   [0;1m SELECT name
 FROM sqlite_master
 WHERE type = 'table' AND NOT name = 'sqlite_sequence'
[0m
  [4;35;1mSQL (0.2ms)[0m   [0mSELECT version FROM schema_migrations[0m
Migrating to CreateUsers (20091203022758)
Migrating to AddNameToUser (20091203023845)
Migrating to RemoveAgeFromUser (20091203024633)
  [4;36;1mSQL (0.1ms)[0m   [0;1mselect sqlite_version(*)[0m
  [4;35;1mSQL (0.8ms)[0m   [0mCREATE TEMPORARY TABLE "altered_users" ("id" INTEGER PRIMARY KEY AUTOINCREMENT NOT NULL, "username" varchar(255), "email" varchar(255), "password_hash" varchar(255), "password_salt" varchar(255), "created_at" datetime, "updated_at" datetime, "first_name" varchar(255), "last_name" varchar(255), "age" integer) [0m
  [4;36;1mSQL (0.1ms)[0m   [0;1mPRAGMA index_list("users")[0m
  [4;35;1mSQL (0.5ms)[0m   [0mDROP TABLE "users"[0m
  [4;36;1mSQL (0.2ms)[0m   [0;1mCREATE TABLE "users" ("id" INTEGER PRIMARY KEY AUTOINCREMENT NOT NULL, "username" varchar(255), "email" varchar(255), "password_hash" varchar(255), "password_salt" varchar(255), "created_at" datetime, "updated_at" datetime, "first_name" varchar(255), "last_name" varchar(255)) [0m
  [4;35;1mSQL (0.0ms)[0m   [0mPRAGMA index_list("altered_users")[0m
  [4;36;1mSQL (0.9ms)[0m   [0;1mDROP TABLE "altered_users"[0m
  [4;35;1mSQL (0.2ms)[0m   [0mINSERT INTO schema_migrations (version) VALUES ('20091203024633')[0m
  [4;36;1mSQL (1.3ms)[0m   [0;1m SELECT name
 FROM sqlite_master
 WHERE type = 'table' AND NOT name = 'sqlite_sequence'
[0m
  [4;35;1mSQL (0.3ms)[0m   [0mSELECT version FROM schema_migrations[0m
  [4;36;1mSQL (0.2ms)[0m   [0;1m SELECT name
 FROM sqlite_master
 WHERE type = 'table' AND NOT name = 'sqlite_sequence'
[0m
  [4;35;1mSQL (0.1ms)[0m   [0mPRAGMA index_list("users")[0m


Processing UsersController#new (for 127.0.0.1 at 2009-12-02 21:47:07) [GET]
  Parameters: {"action"=>"new", "controller"=>"users"}
Rendering users/new
Completed in 17ms (View: 11, DB: 0) | 200 OK [http://localhost/signup]


Processing UsersController#new (for 127.0.0.1 at 2009-12-02 21:47:34) [GET]
  Parameters: {"action"=>"new", "controller"=>"users"}
Rendering users/new
Completed in 15ms (View: 7, DB: 0) | 200 OK [http://localhost/signup]


Processing SessionsController#new (for 127.0.0.1 at 2009-12-02 21:47:36) [GET]
  Parameters: {"action"=>"new", "controller"=>"sessions"}
Rendering sessions/new
Completed in 5ms (View: 3, DB: 0) | 200 OK [http://localhost/login]


Processing UsersController#new (for 127.0.0.1 at 2009-12-02 21:47:38) [GET]
  Parameters: {"action"=>"new", "controller"=>"users"}
Rendering users/new
Completed in 15ms (View: 8, DB: 0) | 200 OK [http://localhost/signup]


Processing SessionsController#new (for 127.0.0.1 at 2009-12-02 21:47:38) [GET]
  Parameters: {"action"=>"new", "controller"=>"sessions"}
Rendering sessions/new
Completed in 4ms (View: 3, DB: 0) | 200 OK [http://localhost/login]
